<?xml version="1.0" encoding="utf-8"?><testsuites><testsuite name="pytest" errors="0" failures="0" skipped="0" tests="3" time="0.197" timestamp="2023-03-30T17:17:34.617694" hostname="maker-ThinkPad-E14-Gen-2"><testcase classname="examples_rclpy_pointcloud_publisher.topics.pointcloud_publisher.test.test_copyright" name="test_copyright" time="0.068" /><testcase classname="examples_rclpy_pointcloud_publisher.topics.pointcloud_publisher.test.test_flake8" name="test_flake8" time="0.051" /><testcase classname="examples_rclpy_pointcloud_publisher.topics.pointcloud_publisher.test.test_pep257" name="test_pep257" time="0.014" /></testsuite></testsuites>