<?xml version="1.0" encoding="utf-8"?><testsuites><testsuite name="pytest" errors="0" failures="0" skipped="0" tests="3" time="0.469" timestamp="2023-03-30T17:17:32.828104" hostname="maker-ThinkPad-E14-Gen-2"><testcase classname="examples_rclpy_minimal_action_client.actions.minimal_action_client.test.test_copyright" name="test_copyright" time="0.199" /><testcase classname="examples_rclpy_minimal_action_client.actions.minimal_action_client.test.test_flake8" name="test_flake8" time="0.121" /><testcase classname="examples_rclpy_minimal_action_client.actions.minimal_action_client.test.test_pep257" name="test_pep257" time="0.039" /></testsuite></testsuites>